<?xml version="1.0" encoding="UTF-8"?>
<!-- Generated by org.testng.reporters.JUnitXMLReporter -->
<testsuite ignored="2" hostname="LAPTOP-2EUUN60H" failures="0" tests="0" time="0.002" errors="0" timestamp="2023-12-23T12:09:42 IST">
  <testcase classname="StandaloneTest.ErrorValidationTest" name="loginValidation" time="0.0">
    <ignored/>
  </testcase> <!-- loginValidation -->
  <testcase classname="StandaloneTest.ErrorValidationTest" name="ProductValidation" time="0.0">
    <ignored/>
  </testcase> <!-- ProductValidation -->
</testsuite>
