<?xml version="1.0" encoding="UTF-8"?>
<!-- Generated by org.testng.reporters.JUnitXMLReporter -->
<testsuite ignored="0" hostname="LAPTOP-2EUUN60H" failures="1" tests="2" name="Order(failed)" time="23.626" errors="0" timestamp="2023-12-23T10:59:23 IST">
  <testcase classname="StandaloneTest.OrderTest" name="PlaceOrderTest" time="17.991"/>
  <testcase classname="StandaloneTest.OrderTest" name="orderValidate" time="0.286">
    <failure type="java.lang.NullPointerException" message="Cannot invoke &amp;quot;org.openqa.selenium.JavascriptExecutor.executeScript(String, Object[])&amp;quot; because &amp;quot;js&amp;quot; is null">
      <![CDATA[java.lang.NullPointerException: Cannot invoke "org.openqa.selenium.JavascriptExecutor.executeScript(String, Object[])" because "js" is null
at abc.AbstractComponents.AbstractComponents.jsClick(AbstractComponents.java:68)
at abc.AbstractComponents.AbstractComponents.ClickOnOrder(AbstractComponents.java:49)
at abc.PageObjects.OrderConfirmationPage.getProductName(OrderConfirmationPage.java:72)
at StandaloneTest.OrderTest.orderValidate(OrderTest.java:50)
at java.base/java.util.ArrayList.forEach(ArrayList.java:1511)
... Removed 25 stack frames]]>
    </failure>
  </testcase> <!-- orderValidate -->
</testsuite> <!-- Order(failed) -->
